<?xml version="1.0" encoding="utf-8"?><testsuites name="pytest tests"><testsuite name="pytest" errors="0" failures="0" skipped="0" tests="5" time="2.089" timestamp="2026-08-02T08:46:04.630154+00:00" hostname="agent-env-029f9ffa-ca10-4d4e-965e-563afd48a426"><testcase classname="tests.test_calculator" name="test_get_unit_costs_default" time="0.198" /><testcase classname="tests.test_calculator" name="test_put_unit_costs_admin" time="0.528" /><testcase classname="tests.test_calculator" name="test_put_unit_costs_requires_auth" time="0.098" /><testcase classname="tests.test_calculator" name="test_calculations_crud" time="0.511" /><testcase classname="tests.test_calculator" name="test_post_calculation_requires_auth" time="0.104" /></testsuite></testsuites>