<?xml version="1.0" encoding="utf-8"?><testsuites name="pytest tests"><testsuite name="pytest" errors="0" failures="0" skipped="0" tests="13" time="2.416" timestamp="2026-08-09T17:44:49.788183+00:00" hostname="agent-env-029f9ffa-ca10-4d4e-965e-563afd48a426"><testcase classname="tests.test_iter47.TestPush" name="test_vapid_public_key" time="0.137" /><testcase classname="tests.test_iter47.TestPublic" name="test_stats" time="0.190" /><testcase classname="tests.test_iter47.TestPublic" name="test_leaderboard" time="0.281" /><testcase classname="tests.test_iter47.TestPush" name="test_history" time="0.426" /><testcase classname="tests.test_iter47.TestPublic" name="test_events_active" time="0.126" /><testcase classname="tests.test_iter47.TestPush" name="test_templates" time="0.103" /><testcase classname="tests.test_iter47.TestPublic" name="test_members_search" time="0.144" /><testcase classname="tests.test_iter47.TestPush" name="test_broadcast" time="0.137" /><testcase classname="tests.test_iter47.TestPointCalc" name="test_list" time="0.104" /><testcase classname="tests.test_iter47.TestAuth" name="test_login_admin" time="0.334" /><testcase classname="tests.test_iter47.TestAuth" name="test_me" time="0.253" /><testcase classname="tests.test_iter47.TestPointCalc" name="test_create_get_delete" time="0.908" /><testcase classname="tests.test_iter47.TestPointCalc" name="test_export" time="0.134" /></testsuite></testsuites>