<?xml version="1.0" encoding="utf-8"?><testsuites name="pytest tests"><testsuite name="pytest" errors="0" failures="0" skipped="0" tests="26" time="46.887" timestamp="2026-09-07T15:29:36.785457+00:00" hostname="agent-env-029f9ffa-ca10-4d4e-965e-563afd48a426"><testcase classname="tests.test_refactor_iter57.TestMembersAdminExtraction" name="test_member_history_endpoint_returns_shape" time="0.716" /><testcase classname="tests.test_refactor_iter57.TestMembersAdminExtraction" name="test_member_history_404" time="0.159" /><testcase classname="tests.test_refactor_iter57.TestMembersAdminExtraction" name="test_member_changes_endpoint" time="0.143" /><testcase classname="tests.test_refactor_iter57.TestMembersAdminExtraction" name="test_member_changes_limit_clamp" time="0.172" /><testcase classname="tests.test_refactor_iter57.TestMembersAdminExtraction" name="test_bulk_country_set_and_clear" time="0.682" /><testcase classname="tests.test_refactor_iter57.TestMembersAdminExtraction" name="test_bulk_country_invalid" time="0.170" /><testcase classname="tests.test_refactor_iter57.TestMembersAdminExtraction" name="test_bulk_country_empty_ids" time="0.169" /><testcase classname="tests.test_refactor_iter57.TestMembersAdminExtraction" name="test_bulk_rank_valid_and_invalid" time="0.548" /><testcase classname="tests.test_refactor_iter57.TestMembersAdminExtraction" name="test_bulk_alliance_transfer" time="0.280" /><testcase classname="tests.test_refactor_iter57.TestMembersAdminExtraction" name="test_bulk_alliance_empty_name" time="0.168" /><testcase classname="tests.test_refactor_iter57.TestMembersAdminExtraction" name="test_bulk_endpoints_require_edit" time="0.130" /><testcase classname="tests.test_refactor_iter57.TestAnnouncementsProtocolRegression" name="test_list" time="0.156" /><testcase classname="tests.test_refactor_iter57.TestAnnouncementsProtocolRegression" name="test_list_urgent_filter" time="0.174" /><testcase classname="tests.test_refactor_iter57.TestAnnouncementsProtocolRegression" name="test_create_patch_revert_delete_flow" time="36.451" /><testcase classname="tests.test_refactor_iter57.TestPhase12Regression" name="test_endpoint_ok[/health]" time="0.119" /><testcase classname="tests.test_refactor_iter57.TestPhase12Regression" name="test_endpoint_ok[/commanders]" time="0.164" /><testcase classname="tests.test_refactor_iter57.TestPhase12Regression" name="test_endpoint_ok[/alliance-colors]" time="0.127" /><testcase classname="tests.test_refactor_iter57.TestPhase12Regression" name="test_endpoint_ok[/alliance-scopes]" time="0.179" /><testcase classname="tests.test_refactor_iter57.TestPhase12Regression" name="test_endpoint_ok[/multiplier-history]" time="0.235" /><testcase classname="tests.test_refactor_iter57.TestPhase12Regression" name="test_endpoint_ok[/unit-costs/infantry]" time="2.586" /><testcase classname="tests.test_refactor_iter57.TestPhase12Regression" name="test_endpoint_ok[/legal/privacy?lang=tr]" time="2.370" /><testcase classname="tests.test_refactor_iter57.TestPhase12Regression" name="test_endpoint_ok[/point-calc?kind=pre]" time="0.217" /><testcase classname="tests.test_refactor_iter57.TestPhase12Regression" name="test_endpoint_ok[/settings/guild-target]" time="0.139" /><testcase classname="tests.test_refactor_iter57.TestPhase12Regression" name="test_endpoint_ok[/announcements]" time="0.156" /><testcase classname="tests.test_refactor_iter57.TestPhase12Regression" name="test_pc_export" time="0.195" /><testcase classname="tests.test_refactor_iter57.TestPhase12Regression" name="test_reports_csv" time="0.201" /></testsuite></testsuites>