<?xml version="1.0" encoding="utf-8"?><testsuites name="pytest tests"><testsuite name="pytest" errors="0" failures="0" skipped="0" tests="25" time="6.961" timestamp="2026-09-07T14:18:13.007294+00:00" hostname="agent-env-029f9ffa-ca10-4d4e-965e-563afd48a426"><testcase classname="tests.test_refactor_iter55.TestRegressionSmoke" name="test_health" time="0.280" /><testcase classname="tests.test_refactor_iter55.TestRegressionSmoke" name="test_admin_login" time="0.357" /><testcase classname="tests.test_refactor_iter55.TestRegressionSmoke" name="test_members" time="0.504" /><testcase classname="tests.test_refactor_iter55.TestRegressionSmoke" name="test_events" time="0.141" /><testcase classname="tests.test_refactor_iter55.TestRegressionSmoke" name="test_leaderboard" time="0.136" /><testcase classname="tests.test_refactor_iter55.TestRegressionSmoke" name="test_voice_rooms" time="0.148" /><testcase classname="tests.test_refactor_iter55.TestCommanders" name="test_list" time="0.132" /><testcase classname="tests.test_refactor_iter55.TestCommanders" name="test_create_patch_delete" time="0.800" /><testcase classname="tests.test_refactor_iter55.TestAllianceMeta" name="test_colors_get" time="0.144" /><testcase classname="tests.test_refactor_iter55.TestAllianceMeta" name="test_colors_put_delete" time="0.621" /><testcase classname="tests.test_refactor_iter55.TestAllianceMeta" name="test_scopes_get" time="0.124" /><testcase classname="tests.test_refactor_iter55.TestMultiplierHistory" name="test_list" time="0.124" /><testcase classname="tests.test_refactor_iter55.TestUnitCosts" name="test_get_defaults" time="0.127" /><testcase classname="tests.test_refactor_iter55.TestUnitCosts" name="test_put_costs_admin" time="0.147" /><testcase classname="tests.test_refactor_iter55.TestUnitCosts" name="test_put_costs_forbidden_for_editor" time="0.135" /><testcase classname="tests.test_refactor_iter55.TestUnitCosts" name="test_calculations_crud" time="0.484" /><testcase classname="tests.test_refactor_iter55.TestPointCalc" name="test_list_pre" time="0.166" /><testcase classname="tests.test_refactor_iter55.TestPointCalc" name="test_create_patch_history_share_public_revert_delete" time="1.137" /><testcase classname="tests.test_refactor_iter55.TestPointCalc" name="test_translate_export_import_still_in_server" time="0.163" /><testcase classname="tests.test_refactor_iter55.TestEventIcs" name="test_ics_valid" time="0.316" /><testcase classname="tests.test_refactor_iter55.TestLegal" name="test_privacy_tr" time="0.133" /><testcase classname="tests.test_refactor_iter55.TestLegal" name="test_terms_tr" time="0.127" /><testcase classname="tests.test_refactor_iter55.TestLegal" name="test_privacy_en" time="0.138" /><testcase classname="tests.test_refactor_iter55.TestReportsCsv" name="test_archive_points_export" time="0.151" /><testcase classname="tests.test_refactor_iter55.TestReportsCsv" name="test_guild_data" time="0.135" /></testsuite></testsuites>