<?xml version="1.0" encoding="utf-8"?><testsuites name="pytest tests"><testsuite name="pytest" errors="0" failures="0" skipped="0" tests="26" time="27.286" timestamp="2026-09-07T15:02:18.332163+00:00" hostname="agent-env-029f9ffa-ca10-4d4e-965e-563afd48a426"><testcase classname="tests.test_refactor_iter56.TestCalculationBodyAlignment" name="test_post_accepts_forticlad_fields" time="0.817" /><testcase classname="tests.test_refactor_iter56.TestCalculationBodyAlignment" name="test_post_omits_defaults" time="0.306" /><testcase classname="tests.test_refactor_iter56.TestCalculationBodyAlignment" name="test_unit_costs_exposes_forticlad_fields" time="0.511" /><testcase classname="tests.test_refactor_iter56.TestGuildSettings" name="test_get_default" time="0.176" /><testcase classname="tests.test_refactor_iter56.TestGuildSettings" name="test_put_admin_clamps" time="0.420" /><testcase classname="tests.test_refactor_iter56.TestGuildSettings" name="test_put_editor_forbidden" time="0.142" /><testcase classname="tests.test_refactor_iter56.TestAnnouncements" name="test_list" time="0.194" /><testcase classname="tests.test_refactor_iter56.TestAnnouncements" name="test_list_filter_urgent" time="0.123" /><testcase classname="tests.test_refactor_iter56.TestAnnouncements" name="test_create_no_broadcast_then_patch_revert_delete" time="6.217" /><testcase classname="tests.test_refactor_iter56.TestAnnouncements" name="test_bulk_delete_restore" time="11.378" /><testcase classname="tests.test_refactor_iter56.TestAnnouncements" name="test_create_requires_admin" time="0.142" /><testcase classname="tests.test_refactor_iter56.TestPointCalcExtended" name="test_export_pre_returns_xlsx" time="0.490" /><testcase classname="tests.test_refactor_iter56.TestPointCalcExtended" name="test_export_requires_auth" time="0.156" /><testcase classname="tests.test_refactor_iter56.TestPointCalcExtended" name="test_export_invalid_kind" time="0.150" /><testcase classname="tests.test_refactor_iter56.TestPointCalcExtended" name="test_import_round_trip" time="0.406" /><testcase classname="tests.test_refactor_iter56.TestPointCalcExtended" name="test_import_invalid_kind" time="0.169" /><testcase classname="tests.test_refactor_iter56.TestPointCalcExtended" name="test_translate_all_status" time="4.090" /><testcase classname="tests.test_refactor_iter56.TestPhase1Regression" name="test_commanders" time="0.152" /><testcase classname="tests.test_refactor_iter56.TestPhase1Regression" name="test_alliance_colors" time="0.141" /><testcase classname="tests.test_refactor_iter56.TestPhase1Regression" name="test_alliance_scopes" time="0.122" /><testcase classname="tests.test_refactor_iter56.TestPhase1Regression" name="test_multiplier_history" time="0.174" /><testcase classname="tests.test_refactor_iter56.TestPhase1Regression" name="test_unit_costs_kaya" time="0.130" /><testcase classname="tests.test_refactor_iter56.TestPhase1Regression" name="test_legal_privacy_tr" time="0.168" /><testcase classname="tests.test_refactor_iter56.TestPhase1Regression" name="test_reports_guild_data" time="0.128" /><testcase classname="tests.test_refactor_iter56.TestPhase1Regression" name="test_point_calc_list" time="0.141" /><testcase classname="tests.test_refactor_iter56.TestPhase1Regression" name="test_health" time="0.156" /></testsuite></testsuites>