<?xml version="1.0" encoding="utf-8"?><testsuites name="pytest tests"><testsuite name="pytest" errors="0" failures="1" skipped="0" tests="19" time="7.432" timestamp="2026-08-29T16:33:44.141833+00:00" hostname="agent-env-029f9ffa-ca10-4d4e-965e-563afd48a426"><testcase classname="tests.test_iter50_templates.TestRsvpTemplatesCrud" name="test_unauth_401" time="0.889" /><testcase classname="tests.test_iter50_templates.TestEventTemplates" name="test_unauth_401" time="0.899" /><testcase classname="tests.test_iter50_templates.TestRsvpTemplatesCrud" name="test_create_and_list" time="0.315" /><testcase classname="tests.test_iter50_templates.TestEventTemplates" name="test_full_patch" time="0.568" /><testcase classname="tests.test_iter50_templates.TestRsvpTemplatesCrud" name="test_channels_default_when_empty" time="0.156" /><testcase classname="tests.test_iter50_templates.TestRsvpTemplatesCrud" name="test_patch_fields_persist" time="0.553" /><testcase classname="tests.test_iter50_templates.TestEventTemplates" name="test_empty_name_rejected" time="0.713" /><testcase classname="tests.test_iter50_templates.TestRsvpTemplatesCrud" name="test_patch_empty_name_rejected" time="0.377" /><testcase classname="tests.test_iter50_templates.TestEventTemplates" name="test_archive_filter" time="1.017" /><testcase classname="tests.test_iter50_templates.TestRsvpTemplatesCrud" name="test_archive_and_restore" time="1.034" /><testcase classname="tests.test_iter50_templates.TestEventTemplates" name="test_delete_404_on_bogus" time="0.308" /><testcase classname="tests.test_iter50_templates.TestRsvpTemplatesCrud" name="test_delete_removes" time="0.787" /><testcase classname="tests.test_iter50_templates.TestRsvpTemplateSend" name="test_bogus_template_404" time="0.193" /><testcase classname="tests.test_iter50_templates.TestRsvpTemplateSend" name="test_bogus_event_404" time="0.311" /><testcase classname="tests.test_iter50_templates.TestRsvpTemplateSend" name="test_send_real_event" time="1.046" /><testcase classname="tests.test_iter50_templates.TestTelegramTemplates" name="test_unauth_401" time="0.150" /><testcase classname="tests.test_iter50_templates.TestTelegramTemplates" name="test_archive_flow" time="1.143" /><testcase classname="tests.test_iter50_templates.TestRsvpTemplateSend" name="test_alliance_scoped_event_targets_members" time="1.519"><failure message="AssertionError: alliance-scoped event 'L2' (scope='GOW') targeted 0 users: {'ok': True, 'sent_at': '2026-08-29T16:33:50.072529+00:00', 'target_count': 0, 'push_sent': 0, 'push_failed': 0, 'telegram_sent': 0, 'telegram_failed': 0, 'channels': ['push', 'telegram_dm']}&#10;assert 0 &gt; 0">E   AssertionError: alliance-scoped event 'L2' (scope='GOW') targeted 0 users: {'ok': True, 'sent_at': '2026-08-29T16:33:50.072529+00:00', 'target_count': 0, 'push_sent': 0, 'push_failed': 0, 'telegram_sent': 0, 'telegram_failed': 0, 'channels': ['push', 'telegram_dm']}
    assert 0 &gt; 0</failure></testcase><testcase classname="tests.test_iter50_templates.TestTelegramTemplates" name="test_patch_name_body_category" time="1.619" /></testsuite></testsuites>