<?xml version="1.0" encoding="utf-8"?><testsuites name="pytest tests"><testsuite name="pytest" errors="0" failures="0" skipped="0" tests="5" time="43.902" timestamp="2026-08-29T16:39:43.827450+00:00" hostname="agent-env-029f9ffa-ca10-4d4e-965e-563afd48a426"><testcase classname="tests.test_iter51_rsvp_targeting.TestScopedTargeting" name="test_gow_scoped_event_targets_members" time="1.131" /><testcase classname="tests.test_iter51_rsvp_targeting.TestScopedTargeting" name="test_unscoped_event_targets_at_least_scoped" time="0.654" /><testcase classname="tests.test_iter51_rsvp_targeting.TestScopedTargeting" name="test_scope_all_is_no_filter" time="16.004" /><testcase classname="tests.test_iter51_rsvp_targeting.TestScopedTargeting" name="test_send_count_not_bumped_when_zero_targets" time="23.848" /><testcase classname="tests.test_iter51_rsvp_targeting.TestOptOut" name="test_reminder_optout_excluded" time="2.204" /></testsuite></testsuites>