<?xml version="1.0" encoding="utf-8"?><testsuites name="pytest tests"><testsuite name="pytest" errors="0" failures="0" skipped="0" tests="19" time="7.492" timestamp="2026-08-29T16:38:04.376922+00:00" hostname="agent-env-029f9ffa-ca10-4d4e-965e-563afd48a426"><testcase classname="tests.test_iter50_templates.TestRsvpTemplatesCrud" name="test_unauth_401" time="0.758" /><testcase classname="tests.test_iter50_templates.TestEventTemplates" name="test_unauth_401" time="0.952" /><testcase classname="tests.test_iter50_templates.TestRsvpTemplatesCrud" name="test_create_and_list" time="0.354" /><testcase classname="tests.test_iter50_templates.TestEventTemplates" name="test_full_patch" time="0.497" /><testcase classname="tests.test_iter50_templates.TestRsvpTemplatesCrud" name="test_channels_default_when_empty" time="0.171" /><testcase classname="tests.test_iter50_templates.TestRsvpTemplatesCrud" name="test_patch_fields_persist" time="0.484" /><testcase classname="tests.test_iter50_templates.TestEventTemplates" name="test_empty_name_rejected" time="0.715" /><testcase classname="tests.test_iter50_templates.TestRsvpTemplatesCrud" name="test_patch_empty_name_rejected" time="0.309" /><testcase classname="tests.test_iter50_templates.TestRsvpTemplatesCrud" name="test_archive_and_restore" time="1.021" /><testcase classname="tests.test_iter50_templates.TestEventTemplates" name="test_archive_filter" time="1.124" /><testcase classname="tests.test_iter50_templates.TestRsvpTemplatesCrud" name="test_delete_removes" time="0.779" /><testcase classname="tests.test_iter50_templates.TestEventTemplates" name="test_delete_404_on_bogus" time="0.350" /><testcase classname="tests.test_iter50_templates.TestTelegramTemplates" name="test_unauth_401" time="0.151" /><testcase classname="tests.test_iter50_templates.TestTelegramTemplates" name="test_archive_flow" time="1.187" /><testcase classname="tests.test_iter50_templates.TestRsvpTemplateSend" name="test_bogus_template_404" time="0.164" /><testcase classname="tests.test_iter50_templates.TestRsvpTemplateSend" name="test_bogus_event_404" time="0.327" /><testcase classname="tests.test_iter50_templates.TestRsvpTemplateSend" name="test_send_real_event" time="0.956" /><testcase classname="tests.test_iter50_templates.TestTelegramTemplates" name="test_patch_name_body_category" time="1.259" /><testcase classname="tests.test_iter50_templates.TestRsvpTemplateSend" name="test_alliance_scoped_event_targets_members" time="1.769" /></testsuite></testsuites>