<?xml version="1.0" encoding="utf-8"?><testsuites name="pytest tests"><testsuite name="pytest" errors="0" failures="1" skipped="0" tests="5" time="2.421" timestamp="2026-08-02T12:16:56.463236+00:00" hostname="agent-env-029f9ffa-ca10-4d4e-965e-563afd48a426"><testcase classname="tests.test_commanders_multi_image" name="test_create_commander_with_images" time="0.541" /><testcase classname="tests.test_commanders_multi_image" name="test_get_commander_returns_images" time="0.101" /><testcase classname="tests.test_commanders_multi_image" name="test_update_commander_images" time="0.103"><failure message="AssertionError: {&quot;detail&quot;:&quot;Method Not Allowed&quot;}&#10;assert 405 in (200, 201)&#10; +  where 405 = &lt;Response [405]&gt;.status_code">backend/tests/test_commanders_multi_image.py:80: in test_update_commander_images
    assert r.status_code in (200, 201), r.text
E   AssertionError: {"detail":"Method Not Allowed"}
E   assert 405 in (200, 201)
E    +  where 405 = &lt;Response [405]&gt;.status_code</failure></testcase><testcase classname="tests.test_commanders_multi_image" name="test_create_without_images_defaults_empty" time="0.102" /><testcase classname="tests.test_commanders_multi_image" name="test_cleanup_old_iter32_record" time="1.021" /></testsuite></testsuites>