<?xml version="1.0" encoding="utf-8"?><testsuites name="pytest tests"><testsuite name="pytest" errors="0" failures="0" skipped="0" tests="17" time="2.653" timestamp="2026-07-31T07:34:00.230783+00:00" hostname="agent-env-029f9ffa-ca10-4d4e-965e-563afd48a426"><testcase classname="tests.test_public_endpoints" name="test_root" time="0.174" /><testcase classname="tests.test_public_endpoints" name="test_login_returns_admin" time="0.268" /><testcase classname="tests.test_public_endpoints" name="test_login_bad_creds" time="0.268" /><testcase classname="tests.test_public_endpoints" name="test_auth_me" time="0.497" /><testcase classname="tests.test_public_endpoints" name="test_endpoint_ok[/api/stats]" time="0.048" /><testcase classname="tests.test_public_endpoints" name="test_endpoint_ok[/api/members]" time="0.057" /><testcase classname="tests.test_public_endpoints" name="test_endpoint_ok[/api/leaderboard]" time="0.125" /><testcase classname="tests.test_public_endpoints" name="test_endpoint_ok[/api/commanders]" time="0.044" /><testcase classname="tests.test_public_endpoints" name="test_endpoint_ok[/api/alliances]" time="0.044" /><testcase classname="tests.test_public_endpoints" name="test_members_is_list" time="0.057" /><testcase classname="tests.test_public_endpoints" name="test_leaderboard_is_list" time="0.045" /><testcase classname="tests.test_public_endpoints" name="test_commanders_is_list" time="0.043" /><testcase classname="tests.test_public_endpoints" name="test_alliances_is_list" time="0.048" /><testcase classname="tests.test_public_endpoints" name="test_login_can_edit_true" time="0.263" /><testcase classname="tests.test_public_endpoints" name="test_stats_keys" time="0.046" /><testcase classname="tests.test_public_endpoints" name="test_export_xlsx" time="0.076" /><testcase classname="tests.test_public_endpoints" name="test_post_members_requires_edit" time="0.046" /></testsuite></testsuites>