<?xml version="1.0" encoding="utf-8"?><testsuites name="pytest tests"><testsuite name="pytest" errors="0" failures="0" skipped="0" tests="13" time="1.967" timestamp="2026-07-31T07:32:09.159051+00:00" hostname="agent-env-029f9ffa-ca10-4d4e-965e-563afd48a426"><testcase classname="tests.test_public_endpoints" name="test_root" time="0.125" /><testcase classname="tests.test_public_endpoints" name="test_login_returns_admin" time="0.266" /><testcase classname="tests.test_public_endpoints" name="test_login_bad_creds" time="0.264" /><testcase classname="tests.test_public_endpoints" name="test_auth_me" time="0.308" /><testcase classname="tests.test_public_endpoints" name="test_endpoint_ok[/api/stats]" time="0.049" /><testcase classname="tests.test_public_endpoints" name="test_endpoint_ok[/api/members]" time="0.057" /><testcase classname="tests.test_public_endpoints" name="test_endpoint_ok[/api/leaderboard]" time="0.043" /><testcase classname="tests.test_public_endpoints" name="test_endpoint_ok[/api/commanders]" time="0.050" /><testcase classname="tests.test_public_endpoints" name="test_endpoint_ok[/api/alliances]" time="0.042" /><testcase classname="tests.test_public_endpoints" name="test_members_is_list" time="0.054" /><testcase classname="tests.test_public_endpoints" name="test_leaderboard_is_list" time="0.043" /><testcase classname="tests.test_public_endpoints" name="test_commanders_is_list" time="0.059" /><testcase classname="tests.test_public_endpoints" name="test_alliances_is_list" time="0.042" /></testsuite></testsuites>