<?xml version="1.0" encoding="utf-8"?><testsuites name="pytest tests"><testsuite name="pytest" errors="0" failures="1" skipped="0" tests="51" time="120.351" timestamp="2026-08-29T17:09:45.368971+00:00" hostname="agent-env-029f9ffa-ca10-4d4e-965e-563afd48a426"><testcase classname="tests.test_iter52_schedules.TestTestSend" name="test_empty_body_targets_admin" time="0.834" /><testcase classname="tests.test_iter52_schedules.TestSchedulesCrud" name="test_create_computes_send_at" time="1.184" /><testcase classname="tests.test_iter52_schedules.TestTestSend" name="test_no_body_at_all" time="0.163"><failure message="AssertionError: no-body POST rejected: 422 {&quot;detail&quot;:[{&quot;type&quot;:&quot;missing&quot;,&quot;loc&quot;:[&quot;body&quot;],&quot;msg&quot;:&quot;Field required&quot;,&quot;input&quot;:null,&quot;url&quot;:&quot;https://errors.pydantic.dev/2.13/v/missing&quot;}]}&#10;assert 422 == 200&#10; +  where 422 = &lt;Response [422]&gt;.status_code">E   AssertionError: no-body POST rejected: 422 {"detail":[{"type":"missing","loc":["body"],"msg":"Field required","input":null,"url":"https://errors.pydantic.dev/2.13/v/missing"}]}
    assert 422 == 200
     +  where 422 = &lt;Response [422]&gt;.status_code</failure></testcase><testcase classname="tests.test_iter52_schedules.TestTestSend" name="test_explicit_other_user" time="0.471" /><testcase classname="tests.test_iter52_schedules.TestSchedulesCrud" name="test_all_allowed_minutes[15]" time="0.519" /><testcase classname="tests.test_iter52_schedules.TestTestSend" name="test_bogus_tid_404" time="0.160" /><testcase classname="tests.test_iter52_schedules.TestTestSend" name="test_bogus_user_404" time="0.382" /><testcase classname="tests.test_iter52_schedules.TestSchedulesCrud" name="test_all_allowed_minutes[30]" time="0.526" /><testcase classname="tests.test_iter52_schedules.TestTestSend" name="test_unauth_401" time="0.159" /><testcase classname="tests.test_iter52_schedules.TestTestSend" name="test_test_send_does_not_bump_send_count" time="1.334" /><testcase classname="tests.test_iter52_schedules.TestSchedulesCrud" name="test_all_allowed_minutes[60]" time="0.490" /><testcase classname="tests.test_iter52_schedules.TestSchedulesCrud" name="test_all_allowed_minutes[120]" time="0.530" /><testcase classname="tests.test_iter52_schedules.TestSchedulesCrud" name="test_all_allowed_minutes[180]" time="0.642" /><testcase classname="tests.test_iter52_schedules.TestSchedulesCrud" name="test_all_allowed_minutes[360]" time="0.493" /><testcase classname="tests.test_iter50_templates.TestRsvpTemplatesCrud" name="test_unauth_401" time="0.541" /><testcase classname="tests.test_iter50_templates.TestRsvpTemplatesCrud" name="test_create_and_list" time="0.459" /><testcase classname="tests.test_iter52_schedules.TestSchedulesCrud" name="test_all_allowed_minutes[720]" time="0.470" /><testcase classname="tests.test_iter50_templates.TestRsvpTemplatesCrud" name="test_channels_default_when_empty" time="0.281" /><testcase classname="tests.test_iter50_templates.TestRsvpTemplatesCrud" name="test_patch_fields_persist" time="0.467" /><testcase classname="tests.test_iter52_schedules.TestSchedulesCrud" name="test_all_allowed_minutes[1440]" time="0.513" /><testcase classname="tests.test_iter50_templates.TestRsvpTemplatesCrud" name="test_patch_empty_name_rejected" time="0.366" /><testcase classname="tests.test_iter52_schedules.TestSchedulesCrud" name="test_invalid_minutes_400[0]" time="0.487" /><testcase classname="tests.test_iter50_templates.TestRsvpTemplatesCrud" name="test_archive_and_restore" time="1.062" /><testcase classname="tests.test_iter52_schedules.TestSchedulesCrud" name="test_invalid_minutes_400[7]" time="0.558" /><testcase classname="tests.test_iter52_schedules.TestSchedulesCrud" name="test_invalid_minutes_400[45]" time="0.501" /><testcase classname="tests.test_iter50_templates.TestRsvpTemplatesCrud" name="test_delete_removes" time="0.873" /><testcase classname="tests.test_iter52_schedules.TestSchedulesCrud" name="test_invalid_minutes_400[-60]" time="0.550" /><testcase classname="tests.test_iter52_schedules.TestSchedulesCrud" name="test_invalid_minutes_400[99999]" time="0.672" /><testcase classname="tests.test_iter50_templates.TestEventTemplates" name="test_unauth_401" time="0.164" /><testcase classname="tests.test_iter50_templates.TestEventTemplates" name="test_full_patch" time="0.481" /><testcase classname="tests.test_iter52_schedules.TestSchedulesCrud" name="test_bogus_ids_404" time="0.618" /><testcase classname="tests.test_iter50_templates.TestEventTemplates" name="test_empty_name_rejected" time="0.665" /><testcase classname="tests.test_iter52_schedules.TestSchedulesCrud" name="test_unauth_401" time="0.325" /><testcase classname="tests.test_iter50_templates.TestEventTemplates" name="test_archive_filter" time="1.007" /><testcase classname="tests.test_iter52_schedules.TestSchedulesCrud" name="test_list_joins_and_delete" time="1.215" /><testcase classname="tests.test_iter50_templates.TestEventTemplates" name="test_delete_404_on_bogus" time="0.356" /><testcase classname="tests.test_iter50_templates.TestRsvpTemplateSend" name="test_bogus_template_404" time="0.157" /><testcase classname="tests.test_iter52_schedules.TestSchedulesCrud" name="test_include_sent_false_filter" time="61.174" /><testcase classname="tests.test_iter50_templates.TestRsvpTemplateSend" name="test_bogus_event_404" time="0.317" /><testcase classname="tests.test_iter50_templates.TestRsvpTemplateSend" name="test_send_real_event" time="46.106" /><testcase classname="tests.test_iter50_templates.TestRsvpTemplateSend" name="test_alliance_scoped_event_targets_members" time="0.840" /><testcase classname="tests.test_iter50_templates.TestTelegramTemplates" name="test_unauth_401" time="0.172" /><testcase classname="tests.test_iter50_templates.TestTelegramTemplates" name="test_archive_flow" time="1.118" /><testcase classname="tests.test_iter50_templates.TestTelegramTemplates" name="test_patch_name_body_category" time="2.655" /><testcase classname="tests.test_iter52_schedules.TestSchedulerFire" name="test_due_schedule_fires" time="45.850" /><testcase classname="tests.test_iter52_schedules.TestSchedulesCrud" name="test_delete_template_cascades_schedules" time="5.468" /><testcase classname="tests.test_iter51_rsvp_targeting.TestScopedTargeting" name="test_gow_scoped_event_targets_members" time="1.059" /><testcase classname="tests.test_iter51_rsvp_targeting.TestScopedTargeting" name="test_unscoped_event_targets_at_least_scoped" time="0.671" /><testcase classname="tests.test_iter51_rsvp_targeting.TestScopedTargeting" name="test_scope_all_is_no_filter" time="17.072" /><testcase classname="tests.test_iter51_rsvp_targeting.TestScopedTargeting" name="test_send_count_not_bumped_when_zero_targets" time="24.196" /><testcase classname="tests.test_iter51_rsvp_targeting.TestOptOut" name="test_reminder_optout_excluded" time="1.865" /></testsuite></testsuites>