<?xml version="1.0" encoding="utf-8"?><testsuites name="pytest tests"><testsuite name="pytest" errors="0" failures="2" skipped="0" tests="62" time="93.060" timestamp="2026-07-30T15:44:15.903765+00:00" hostname="agent-env-029f9ffa-ca10-4d4e-965e-563afd48a426"><testcase classname="tests.test_auth.TestWriteEndpointRBAC" name="test_members_post_guest" time="0.478" /><testcase classname="tests.backend_test" name="test_root" time="0.598" /><testcase classname="tests.backend_test" name="test_stats" time="0.248" /><testcase classname="tests.backend_test" name="test_members_list_156_and_rank_distribution" time="0.066"><failure message="AssertionError: rank dist mismatch: {'R5': 3, 'R4': 13, 'R3': 60, 'R2': 77, 'R1': 3}&#10;assert {'R5': 3, 'R4...'R2': 77, ...} == {'GOW': 94, '...'R3': 20, ...}&#10;  &#10;  Differing items:&#10;  {'R2': 77} != {'R2': 18}&#10;  {'R3': 60} != {'R3': 20}&#10;  {'R5': 3} != {'R5': 1}&#10;  {'R4': 13} != {'R4': 8}&#10;  {'R1': 3} != {'R1': 15}...&#10;  &#10;  ...Full output truncated (27 lines hidden), use '-vv' to show">backend/tests/backend_test.py:65: in test_members_list_156_and_rank_distribution
    assert dist == expected, f"rank dist mismatch: {dist}"
E   AssertionError: rank dist mismatch: {'R5': 3, 'R4': 13, 'R3': 60, 'R2': 77, 'R1': 3}
E   assert {'R5': 3, 'R4...'R2': 77, ...} == {'GOW': 94, '...'R3': 20, ...}
E     
E     Differing items:
E     {'R2': 77} != {'R2': 18}
E     {'R3': 60} != {'R3': 20}
E     {'R5': 3} != {'R5': 1}
E     {'R4': 13} != {'R4': 8}
E     {'R1': 3} != {'R1': 15}...
E     
E     ...Full output truncated (27 lines hidden), use '-vv' to show</failure></testcase><testcase classname="tests.backend_test" name="test_members_search" time="0.063" /><testcase classname="tests.backend_test" name="test_member_crud" time="0.802" /><testcase classname="tests.test_auth.TestWriteEndpointRBAC" name="test_members_post_viewer" time="1.437" /><testcase classname="tests.backend_test" name="test_events_active" time="0.062" /><testcase classname="tests.backend_test" name="test_events_archived" time="0.060" /><testcase classname="tests.backend_test" name="test_event_crud_and_archive_group" time="0.555" /><testcase classname="tests.backend_test" name="test_points_list_enriched" time="0.288" /><testcase classname="tests.test_auth.TestWriteEndpointRBAC" name="test_members_post_editor_and_delete" time="1.408" /><testcase classname="tests.backend_test" name="test_points_crud_single_and_bulk" time="0.612" /><testcase classname="tests.test_auth.TestWriteEndpointRBAC" name="test_members_post_admin" time="0.334" /><testcase classname="tests.backend_test" name="test_leaderboard_sorted_and_positions" time="0.069" /><testcase classname="tests.backend_test" name="test_leaderboard_group_filter" time="0.065" /><testcase classname="tests.backend_test" name="test_member_history" time="0.138" /><testcase classname="tests.backend_test" name="test_commanders_list_and_filter" time="0.351" /><testcase classname="tests.backend_test" name="test_commander_crud" time="0.408" /><testcase classname="tests.backend_test" name="test_export_csv" time="0.074" /><testcase classname="tests.backend_test" name="test_event_groups" time="0.231"><failure message="assert 6 == 14">backend/tests/backend_test.py:258: in test_event_groups
    assert svs["count"] == 14
E   assert 6 == 14</failure></testcase><testcase classname="tests.backend_test" name="test_multiplier_history" time="0.078" /><testcase classname="tests.test_auth.TestPublicGets" name="test_public_get[/leaderboard]" time="0.275" /><testcase classname="tests.test_auth.TestWriteEndpointRBAC" name="test_events_write_rbac" time="3.055" /><testcase classname="tests.test_auth.TestPublicGets" name="test_public_get[/stats]" time="0.182" /><testcase classname="tests.test_auth.TestPublicGets" name="test_public_get[/members]" time="0.146" /><testcase classname="tests.test_auth.TestPublicGets" name="test_public_get[/events]" time="0.136" /><testcase classname="tests.test_auth.TestPublicGets" name="test_public_get[/commanders]" time="0.119" /><testcase classname="tests.test_auth.TestPublicGets" name="test_public_get[/scores]" time="0.193" /><testcase classname="tests.test_auth.TestPublicGets" name="test_public_get[/points]" time="0.132" /><testcase classname="tests.test_auth.TestPublicGets" name="test_public_get[/event-groups]" time="0.104" /><testcase classname="tests.test_auth.TestMe" name="test_me_with_token" time="0.470" /><testcase classname="tests.test_auth.TestMe" name="test_me_no_token" time="0.179" /><testcase classname="tests.test_auth.TestMe" name="test_me_invalid_token" time="0.294" /><testcase classname="tests.test_auth.TestMe" name="test_me_expired_token" time="0.105" /><testcase classname="tests.test_auth.TestUsersList" name="test_admin_can_list" time="0.244" /><testcase classname="tests.test_auth.TestUsersList" name="test_guest_gets_401" time="0.121" /><testcase classname="tests.test_auth.TestWriteEndpointRBAC" name="test_points_and_scores_rbac" time="3.812" /><testcase classname="tests.test_auth.TestUsersList" name="test_viewer_gets_403" time="1.247" /><testcase classname="tests.test_auth.TestUsersList" name="test_editor_gets_403" time="1.109" /><testcase classname="tests.test_auth.TestUserCreate" name="test_duplicate_username" time="0.703" /><testcase classname="tests.test_auth.TestUserCreate" name="test_short_password" time="0.303" /><testcase classname="tests.test_auth.TestUserCreate" name="test_short_username" time="0.332" /><testcase classname="tests.test_auth.TestWriteEndpointRBAC" name="test_commanders_rbac" time="3.143" /><testcase classname="tests.test_auth.TestUserCreate" name="test_non_admin_cannot_create" time="1.321" /><testcase classname="tests.test_auth.TestChangePassword" name="test_wrong_old_password" time="1.471" /><testcase classname="tests.test_auth.TestChangePassword" name="test_short_new_password" time="1.607" /><testcase classname="tests.test_auth.TestWriteEndpointRBAC" name="test_seed_requires_admin" time="3.268" /><testcase classname="tests.test_auth.TestChangePassword" name="test_change_password_success" time="2.557" /><testcase classname="tests.test_auth.TestLogin" name="test_login_success" time="0.327" /><testcase classname="tests.test_auth.TestLogin" name="test_login_wrong_password" time="0.530" /><testcase classname="tests.test_auth.TestLogin" name="test_login_unknown_user" time="0.249" /><testcase classname="tests.test_auth.TestUserDelete" name="test_admin_cannot_delete_self" time="68.798" /><testcase classname="tests.test_auth.TestUserPatch" name="test_toggle_can_edit_and_role" time="69.445" /><testcase classname="tests.test_auth.TestUserDelete" name="test_delete_removes_user" time="0.873" /><testcase classname="tests.test_auth.TestUserPatch" name="test_non_admin_forbidden" time="1.534" /><testcase classname="tests.test_auth.TestUserDelete" name="test_non_admin_cannot_delete" time="2.202" /><testcase classname="tests.test_auth.TestAdminSeed" name="test_admin_user_exists" time="0.135" /><testcase classname="tests.test_auth.TestResetPassword" name="test_reset_sets_must_change" time="2.013" /><testcase classname="tests.test_auth.TestAdminSeed" name="test_admin_password_verifies" time="0.501" /><testcase classname="tests.test_auth.TestResetPassword" name="test_reset_non_admin_forbidden" time="0.963" /><testcase classname="tests.test_auth.TestJWTStructure" name="test_token_contains_expected_claims" time="0.354" /></testsuite></testsuites>