<?xml version="1.0" encoding="utf-8"?><testsuites name="pytest tests"><testsuite name="pytest" errors="0" failures="1" skipped="0" tests="7" time="45.071" timestamp="2026-08-29T17:34:36.697716+00:00" hostname="agent-env-029f9ffa-ca10-4d4e-965e-563afd48a426"><testcase classname="tests.test_iter53_retry" name="test_retry_trajectory_1_5_abandoned" time="0.014" /><testcase classname="tests.test_iter53_retry" name="test_future_next_retry_is_skipped" time="0.006" /><testcase classname="tests.test_iter53_retry" name="test_null_next_retry_is_picked_up" time="0.007" /><testcase classname="tests.test_iter53_retry" name="test_future_send_at_is_skipped" time="0.005" /><testcase classname="tests.test_iter53_retry" name="test_success_path_sets_attempts_1_and_unsets_retry" time="28.863" /><testcase classname="tests.test_iter53_retry" name="test_list_schedules_exposes_retry_fields" time="0.160" /><testcase classname="tests.test_iter53_retry" name="test_post_events_recurrence_spawns_series" time="15.080"><failure message="AssertionError: recurrence_created=1&#10;assert 1 == 4&#10; +  where 1 = &lt;built-in method get of dict object at 0xff070cd2a340&gt;('recurrence_created')&#10; +    where &lt;built-in method get of dict object at 0xff070cd2a340&gt; = {'id': '44129d04-1358-4c36-a3a7-dd19c84db3e4', 'name': 'TEST_iter53_series', 'group_name': 'SvS vs 10007', 'multiplier': 1.0, ...}.get">E   AssertionError: recurrence_created=1
    assert 1 == 4
     +  where 1 = &lt;built-in method get of dict object at 0xff070cd2a340&gt;('recurrence_created')
     +    where &lt;built-in method get of dict object at 0xff070cd2a340&gt; = {'id': '44129d04-1358-4c36-a3a7-dd19c84db3e4', 'name': 'TEST_iter53_series', 'group_name': 'SvS vs 10007', 'multiplier': 1.0, ...}.get</failure></testcase></testsuite></testsuites>