<?xml version="1.0" encoding="utf-8"?><testsuites name="pytest tests"><testsuite name="pytest" errors="0" failures="0" skipped="0" tests="18" time="2.958" timestamp="2026-07-30T14:40:40.558445+00:00" hostname="agent-env-029f9ffa-ca10-4d4e-965e-563afd48a426"><testcase classname="tests.backend_test" name="test_root" time="0.277" /><testcase classname="tests.backend_test" name="test_stats" time="0.061" /><testcase classname="tests.backend_test" name="test_members_list_156_and_rank_distribution" time="0.055" /><testcase classname="tests.backend_test" name="test_members_search" time="0.049" /><testcase classname="tests.backend_test" name="test_member_crud" time="0.266" /><testcase classname="tests.backend_test" name="test_events_active" time="0.096" /><testcase classname="tests.backend_test" name="test_events_archived" time="0.048" /><testcase classname="tests.backend_test" name="test_event_crud_and_archive_group" time="0.281" /><testcase classname="tests.backend_test" name="test_points_list_enriched" time="0.053" /><testcase classname="tests.backend_test" name="test_points_crud_single_and_bulk" time="0.504" /><testcase classname="tests.backend_test" name="test_leaderboard_sorted_and_positions" time="0.054" /><testcase classname="tests.backend_test" name="test_leaderboard_group_filter" time="0.061" /><testcase classname="tests.backend_test" name="test_member_history" time="0.107" /><testcase classname="tests.backend_test" name="test_commanders_list_and_filter" time="0.096" /><testcase classname="tests.backend_test" name="test_commander_crud" time="0.148" /><testcase classname="tests.backend_test" name="test_export_csv" time="0.072" /><testcase classname="tests.backend_test" name="test_event_groups" time="0.047" /><testcase classname="tests.backend_test" name="test_multiplier_history" time="0.080" /></testsuite></testsuites>