<?xml version="1.0" encoding="utf-8"?><testsuites name="pytest tests"><testsuite name="pytest" errors="0" failures="0" skipped="0" tests="13" time="61.031" timestamp="2026-08-29T09:25:04.685133+00:00" hostname="agent-env-029f9ffa-ca10-4d4e-965e-563afd48a426"><testcase classname="tests.test_v13536_certs.TestV13536" name="test_01_create_event_with_auto_cert" time="14.739" /><testcase classname="tests.test_v13536_certs.TestV13536" name="test_02_add_attendance" time="0.130" /><testcase classname="tests.test_v13536_certs.TestV13536" name="test_03_bulk_archive_issues_cert" time="0.109" /><testcase classname="tests.test_v13536_certs.TestV13536" name="test_04_rearchive_idempotent" time="0.151" /><testcase classname="tests.test_v13536_certs.TestV13536" name="test_05_patch_archive_also_issues" time="22.877" /><testcase classname="tests.test_v13536_certs.TestV13536" name="test_06_verify_valid_token_no_auth" time="0.146" /><testcase classname="tests.test_v13536_certs.TestV13536" name="test_07_verify_bogus_token" time="0.121" /><testcase classname="tests.test_v13536_certs.TestV13536" name="test_08_png_valid" time="0.335" /><testcase classname="tests.test_v13536_certs.TestV13536" name="test_09_png_bogus" time="0.101" /><testcase classname="tests.test_v13536_certs.TestV13536" name="test_10_ann_create_and_archive" time="21.454" /><testcase classname="tests.test_v13536_certs.TestV13536" name="test_11_bulk_restore" time="0.254" /><testcase classname="tests.test_v13536_certs.TestV13536" name="test_12_bulk_delete" time="0.104" /><testcase classname="tests.test_v13536_certs.TestV13536" name="test_13_requires_admin" time="0.457" /></testsuite></testsuites>